[debug] [2022-08-27T12:46:56.080Z] ----------------------------------------------------------------------
[debug] [2022-08-27T12:46:56.081Z] Command:       C:\Users\terif\.nvm\versions\node\v18.7.0\bin\node.exe C:\Users\terif\.nvm\versions\node\v18.7.0\bin\node_modules\firebase-tools\lib\bin\firebase.js serve
[debug] [2022-08-27T12:46:56.082Z] CLI Version:   11.4.2
[debug] [2022-08-27T12:46:56.082Z] Platform:      win32
[debug] [2022-08-27T12:46:56.082Z] Node Version:  v18.7.0
[debug] [2022-08-27T12:46:56.082Z] Time:          Sat Aug 27 2022 15:46:56 GMT+0300 (Eastern European Summer Time)
[debug] [2022-08-27T12:46:56.083Z] ----------------------------------------------------------------------
[debug] 
[debug] [2022-08-27T12:46:56.130Z] > command requires scopes: ["email","openid","https://www.googleapis.com/auth/cloudplatformprojects.readonly","https://www.googleapis.com/auth/firebase","https://www.googleapis.com/auth/cloud-platform"]
[debug] [2022-08-27T12:46:56.130Z] > authorizing via signed-in user (teri.fash@gmail.com)
[debug] [2022-08-27T12:46:56.130Z] [iam] checking project word-helper-reader for permissions ["firebase.projects.get"]
[debug] [2022-08-27T12:46:56.132Z] >>> [apiv2][query] POST https://cloudresourcemanager.googleapis.com/v1/projects/word-helper-reader:testIamPermissions [none]
[debug] [2022-08-27T12:46:56.132Z] >>> [apiv2][(partial)header] POST https://cloudresourcemanager.googleapis.com/v1/projects/word-helper-reader:testIamPermissions x-goog-quota-user=projects/word-helper-reader
[debug] [2022-08-27T12:46:56.132Z] >>> [apiv2][body] POST https://cloudresourcemanager.googleapis.com/v1/projects/word-helper-reader:testIamPermissions {"permissions":["firebase.projects.get"]}
[debug] [2022-08-27T12:46:56.396Z] <<< [apiv2][status] POST https://cloudresourcemanager.googleapis.com/v1/projects/word-helper-reader:testIamPermissions 200
[debug] [2022-08-27T12:46:56.396Z] <<< [apiv2][body] POST https://cloudresourcemanager.googleapis.com/v1/projects/word-helper-reader:testIamPermissions {"permissions":["firebase.projects.get"]}
[debug] [2022-08-27T12:46:56.397Z] >>> [apiv2][query] GET https://firebase.googleapis.com/v1beta1/projects/word-helper-reader [none]
[debug] [2022-08-27T12:46:56.815Z] <<< [apiv2][status] GET https://firebase.googleapis.com/v1beta1/projects/word-helper-reader 200
[debug] [2022-08-27T12:46:56.815Z] <<< [apiv2][body] GET https://firebase.googleapis.com/v1beta1/projects/word-helper-reader {"projectId":"word-helper-reader","projectNumber":"345786730681","displayName":"Word helper","name":"projects/word-helper-reader","resources":{"hostingSite":"word-helper-reader","realtimeDatabaseInstance":"word-helper-reader-default-rtdb","storageBucket":"word-helper-reader.appspot.com","locationId":"us-central"},"state":"ACTIVE","etag":"1_9a12e269-c74f-42ce-a9d5-87805f572d05"}
[info] 
[info] === Serving from 'C:\Projects\firebase-vue3-startup-kit'...
[info] 
[debug] [2022-08-27T12:46:56.821Z] >>> [apiv2][query] GET https://firebasehosting.googleapis.com/v1beta1/projects/word-helper-reader/sites 
[warn] !  Your requested "node" version "16" doesn't match your global version "18". Using node@18 from host. {"metadata":{"emulator":{"name":"functions"},"message":"Your requested \"node\" version \"16\" doesn't match your global version \"18\". Using node@18 from host."}}
[debug] [2022-08-27T12:46:56.846Z] defaultcredentials: writing to file C:\Users\terif\AppData\Roaming\firebase\teri_fash_gmail.com_application_default_credentials.json
[debug] [2022-08-27T12:46:56.848Z] Setting GAC to C:\Users\terif\AppData\Roaming\firebase\teri_fash_gmail.com_application_default_credentials.json {"metadata":{"emulator":{"name":"functions"},"message":"Setting GAC to C:\\Users\\terif\\AppData\\Roaming\\firebase\\teri_fash_gmail.com_application_default_credentials.json"}}
[debug] [2022-08-27T12:46:56.848Z] >>> [apiv2][query] GET https://firebase.googleapis.com/v1beta1/projects/word-helper-reader/adminSdkConfig [none]
[debug] [2022-08-27T12:46:57.217Z] <<< [apiv2][status] GET https://firebase.googleapis.com/v1beta1/projects/word-helper-reader/adminSdkConfig 200
[debug] [2022-08-27T12:46:57.217Z] <<< [apiv2][body] GET https://firebase.googleapis.com/v1beta1/projects/word-helper-reader/adminSdkConfig {"projectId":"word-helper-reader","databaseURL":"https://word-helper-reader-default-rtdb.europe-west1.firebasedatabase.app","storageBucket":"word-helper-reader.appspot.com","locationId":"us-central"}
[debug] [2022-08-27T12:46:57.866Z] <<< [apiv2][status] GET https://firebasehosting.googleapis.com/v1beta1/projects/word-helper-reader/sites 200
[debug] [2022-08-27T12:46:57.866Z] <<< [apiv2][body] GET https://firebasehosting.googleapis.com/v1beta1/projects/word-helper-reader/sites {"sites":[{"name":"projects/word-helper-reader/sites/word-helper-reader","defaultUrl":"https://word-helper-reader.web.app","type":"DEFAULT_SITE"}]}
[debug] [2022-08-27T12:46:57.866Z] >>> [apiv2][query] GET https://firebase.googleapis.com/v1beta1/projects/word-helper-reader/webApps/-/config [none]
[debug] [2022-08-27T12:46:58.603Z] <<< [apiv2][status] GET https://firebase.googleapis.com/v1beta1/projects/word-helper-reader/webApps/-/config 200
[debug] [2022-08-27T12:46:58.604Z] <<< [apiv2][body] GET https://firebase.googleapis.com/v1beta1/projects/word-helper-reader/webApps/-/config {"projectId":"word-helper-reader","appId":"1:345786730681:web:82226ed986c828106f3368","databaseURL":"https://word-helper-reader-default-rtdb.europe-west1.firebasedatabase.app","storageBucket":"word-helper-reader.appspot.com","locationId":"us-central","apiKey":"AIzaSyAud1ZUlWt9ED9Z0YcXcDOjOcN0wMqnrF4","authDomain":"word-helper-reader.firebaseapp.com","messagingSenderId":"345786730681"}
[info] i  functions: Watching "C:\Projects\firebase-vue3-startup-kit\functions" for Cloud Functions... {"metadata":{"emulator":{"name":"functions"},"message":"Watching \"C:\\Projects\\firebase-vue3-startup-kit\\functions\" for Cloud Functions..."}}
[info] i  hosting: Serving hosting files from: dist {"metadata":{"emulator":{"name":"hosting"},"message":"Serving hosting files from: \u001b[1mdist\u001b[22m"}}
[info] +  hosting: Local server: http://localhost:5000 {"metadata":{"emulator":{"name":"hosting"},"message":"Local server: \u001b[4m\u001b[1mhttp://localhost:5000\u001b[22m\u001b[24m"}}
[debug] [2022-08-27T12:46:58.675Z] Validating nodejs source
[debug] [2022-08-27T12:47:00.742Z] > [functions] package.json contents: {
  "name": "functions",
  "scripts": {
    "lint": "eslint --ext .js,.ts .",
    "format": "prettier --write 'src/**/*.{js,ts}'",
    "build": "tsc",
    "serve": "npm run build && firebase emulators:start --only functions",
    "shell": "npm run build && firebase functions:shell",
    "start": "npm run shell",
    "deploy": "firebase deploy --only functions",
    "logs": "firebase functions:log"
  },
  "engines": {
    "node": "16"
  },
  "main": "lib/index.js",
  "dependencies": {
    "firebase-admin": "^10.1.0",
    "firebase-functions": "^3.20.1",
    "prettier": "^2.6.2"
  },
  "devDependencies": {
    "@typescript-eslint/eslint-plugin": "^5.21.0",
    "@typescript-eslint/parser": "^5.21.0",
    "eslint": "^8.14.0",
    "eslint-plugin-import": "^2.26.0",
    "firebase-functions-test": "^0.3.3",
    "typescript": "^4.6.3"
  },
  "private": true
}
[debug] [2022-08-27T12:47:00.742Z] Building nodejs source
[debug] [2022-08-27T12:47:00.742Z] Analyzing nodejs backend spec
[debug] [2022-08-27T12:47:00.743Z] Could not find functions.yaml. Must use http discovery
[debug] [2022-08-27T12:47:00.925Z] Serving at port 9005

[debug] [2022-08-27T12:47:00.984Z] Got response from /__/functions.yaml {"endpoints":{"test":{"platform":"gcfv1","labels":{},"region":["asia-northeast1"],"availableMemoryMb":1024,"callableTrigger":{},"entryPoint":"test"}},"specVersion":"v1alpha1","requiredAPIs":[]}
[debug] [2022-08-27T12:47:00.992Z] shutdown requested via /__/quitquitquit

[info] +  functions[asia-northeast1-test]: http function initialized (http://localhost:5001/word-helper-reader/asia-northeast1/test). {"metadata":{"emulator":{"name":"functions"},"message":"\u001b[1mhttp\u001b[22m function initialized (http://localhost:5001/word-helper-reader/asia-northeast1/test)."}}
